<?xml version="1.0" encoding="UTF-8"?>
<testsuite name="com.novatrade.inventory.api.JsonApiErrorHandlerTest" tests="6" skipped="0" failures="0" errors="0" timestamp="2025-09-03T20:40:39.154Z" hostname="CASACAMARGO" time="0.424">
  <properties/>
  <testcase name="testConflict_IllegalStateException()" classname="com.novatrade.inventory.api.JsonApiErrorHandlerTest" time="0.386"/>
  <testcase name="testHandleGeneral_Exception()" classname="com.novatrade.inventory.api.JsonApiErrorHandlerTest" time="0.01"/>
  <testcase name="testBadRequest_IllegalArgumentException()" classname="com.novatrade.inventory.api.JsonApiErrorHandlerTest" time="0.003"/>
  <testcase name="testNotFound_NoSuchElementException()" classname="com.novatrade.inventory.api.JsonApiErrorHandlerTest" time="0.005"/>
  <testcase name="testConflict_IdempotentReturn()" classname="com.novatrade.inventory.api.JsonApiErrorHandlerTest" time="0.002"/>
  <testcase name="testInsufficientInventory_InsufficientInventoryException()" classname="com.novatrade.inventory.api.JsonApiErrorHandlerTest" time="0.004"/>
  <system-out><![CDATA[]]></system-out>
  <system-err><![CDATA[]]></system-err>
</testsuite>
